<?xml version="1.0" encoding="UTF-8"?>
<!-- Generated by org.testng.reporters.JUnitReportReporter -->
<testsuite hostname="LAPTOP-4F11CKJ5" failures="0" tests="2" name="TestLayer.AmazonTestCases" time="23.035" errors="0" timestamp="25 Aug. 2020 15:04:53 GMT" skipped="0">
  <testcase classname="TestLayer.AmazonTestCases" name="amazonTitleTest" time="5.859"/>
  <testcase classname="TestLayer.AmazonTestCases" name="signInTest" time="17.176"/>
</testsuite> <!-- TestLayer.AmazonTestCases -->
